<?xml version="1.0" encoding="UTF-8"?>
<testsuite name="io.code.sutra.activity.service.UserServiceBDDTest" tests="4" skipped="0" failures="0" errors="0" timestamp="2026-01-30T21:37:35.466Z" hostname="Saurabhs-MacBook-Pro-3.local" time="0.036">
  <properties/>
  <testcase name="Given no users, when getAllUsers is called, then return empty list" classname="io.code.sutra.activity.service.UserServiceBDDTest" time="0.024"/>
  <testcase name="When creating a user by name, saved user is returned" classname="io.code.sutra.activity.service.UserServiceBDDTest" time="0.002"/>
  <testcase name="Updating an existing user applies changes" classname="io.code.sutra.activity.service.UserServiceBDDTest" time="0.002"/>
  <testcase name="Deleting an existing user returns true" classname="io.code.sutra.activity.service.UserServiceBDDTest" time="0.002"/>
  <system-out><![CDATA[]]></system-out>
  <system-err><![CDATA[]]></system-err>
</testsuite>
