<?xml version="1.0" encoding="UTF-8"?>
<testsuite name="io.code.sutra.activity.ActivityApplicationTests" tests="1" skipped="0" failures="0" errors="0" timestamp="2026-01-15T23:24:18.532Z" hostname="Saurabhs-MacBook-Pro-3.local" time="0.047">
  <properties/>
  <testcase name="contextLoads()" classname="io.code.sutra.activity.ActivityApplicationTests" time="0.047"/>
  <system-out><![CDATA[18:24:15.806 [Test worker] INFO org.springframework.test.context.support.AnnotationConfigContextLoaderUtils -- Could not detect default configuration classes for test class [io.code.sutra.activity.ActivityApplicationTests]: ActivityApplicationTests does not declare any static, non-private, non-final, nested classes annotated with @Configuration.
18:24:15.834 [Test worker] INFO org.springframework.boot.test.context.SpringBootTestContextBootstrapper -- Found @SpringBootConfiguration io.code.sutra.activity.ActivityApplication for test class io.code.sutra.activity.ActivityApplicationTests

  .   ____          _            __ _ _
 /\\ / ___'_ __ _ _(_)_ __  __ _ \ \ \ \
( ( )\___ | '_ | '_| | '_ \/ _` | \ \ \ \
 \\/  ___)| |_)| | | | | || (_| |  ) ) ) )
  '  |____| .__|_| |_|_| |_\__, | / / / /
 =========|_|==============|___/=/_/_/_/

 :: Spring Boot ::                (v4.0.1)

2026-01-15T18:24:16.159-05:00  INFO 12776 --- [activity-service] [    Test worker] i.c.s.activity.ActivityApplicationTests  : Starting ActivityApplicationTests using Java 24.0.1 with PID 12776 (started by saurabhchakote in /Users/saurabhchakote/Local/Technoration/services/activity-service)
{"@timestamp":"2026-01-15T18:24:16.159699-05:00","@version":"1","message":"Starting ActivityApplicationTests using Java 24.0.1 with PID 12776 (started by saurabhchakote in /Users/saurabhchakote/Local/Technoration/services/activity-service)","logger_name":"io.code.sutra.activity.ActivityApplicationTests","thread_name":"Test worker","level":"INFO","level_value":20000}
2026-01-15T18:24:16.163-05:00  INFO 12776 --- [activity-service] [    Test worker] i.c.s.activity.ActivityApplicationTests  : The following 1 profile is active: "test"
{"@timestamp":"2026-01-15T18:24:16.16354-05:00","@version":"1","message":"The following 1 profile is active: \"test\"","logger_name":"io.code.sutra.activity.ActivityApplicationTests","thread_name":"Test worker","level":"INFO","level_value":20000}
2026-01-15T18:24:16.531-05:00  INFO 12776 --- [activity-service] [    Test worker] .s.d.r.c.RepositoryConfigurationDelegate : Bootstrapping Spring Data JPA repositories in DEFAULT mode.
{"@timestamp":"2026-01-15T18:24:16.531901-05:00","@version":"1","message":"Bootstrapping Spring Data JPA repositories in DEFAULT mode.","logger_name":"org.springframework.data.repository.config.RepositoryConfigurationDelegate","thread_name":"Test worker","level":"INFO","level_value":20000}
2026-01-15T18:24:16.576-05:00  INFO 12776 --- [activity-service] [    Test worker] .s.d.r.c.RepositoryConfigurationDelegate : Finished Spring Data repository scanning in 41 ms. Found 2 JPA repository interfaces.
{"@timestamp":"2026-01-15T18:24:16.576316-05:00","@version":"1","message":"Finished Spring Data repository scanning in 41 ms. Found 2 JPA repository interfaces.","logger_name":"org.springframework.data.repository.config.RepositoryConfigurationDelegate","thread_name":"Test worker","level":"INFO","level_value":20000}
2026-01-15T18:24:16.715-05:00  INFO 12776 --- [activity-service] [    Test worker] o.s.cloud.context.scope.GenericScope     : BeanFactory id=d252c404-8222-3594-858f-79746c518ae4
{"@timestamp":"2026-01-15T18:24:16.715688-05:00","@version":"1","message":"BeanFactory id=d252c404-8222-3594-858f-79746c518ae4","logger_name":"org.springframework.cloud.context.scope.GenericScope","thread_name":"Test worker","level":"INFO","level_value":20000}
2026-01-15T18:24:16.879-05:00  INFO 12776 --- [activity-service] [    Test worker] com.zaxxer.hikari.HikariDataSource       : HikariPool-1 - Starting...
{"@timestamp":"2026-01-15T18:24:16.87916-05:00","@version":"1","message":"HikariPool-1 - Starting...","logger_name":"com.zaxxer.hikari.HikariDataSource","thread_name":"Test worker","level":"INFO","level_value":20000}
2026-01-15T18:24:16.935-05:00  INFO 12776 --- [activity-service] [    Test worker] com.zaxxer.hikari.pool.HikariPool        : HikariPool-1 - Added connection conn0: url=jdbc:h2:mem:f37c2bb8-6e07-4e30-9263-9e6d194bb8a0 user=SA
{"@timestamp":"2026-01-15T18:24:16.935652-05:00","@version":"1","message":"HikariPool-1 - Added connection conn0: url=jdbc:h2:mem:f37c2bb8-6e07-4e30-9263-9e6d194bb8a0 user=SA","logger_name":"com.zaxxer.hikari.pool.HikariPool","thread_name":"Test worker","level":"INFO","level_value":20000}
2026-01-15T18:24:16.936-05:00  INFO 12776 --- [activity-service] [    Test worker] com.zaxxer.hikari.HikariDataSource       : HikariPool-1 - Start completed.
{"@timestamp":"2026-01-15T18:24:16.9364-05:00","@version":"1","message":"HikariPool-1 - Start completed.","logger_name":"com.zaxxer.hikari.HikariDataSource","thread_name":"Test worker","level":"INFO","level_value":20000}
2026-01-15T18:24:16.983-05:00  INFO 12776 --- [activity-service] [    Test worker] org.hibernate.orm.jpa                    : HHH008540: Processing PersistenceUnitInfo [name: default]
{"@timestamp":"2026-01-15T18:24:16.983543-05:00","@version":"1","message":"HHH008540: Processing PersistenceUnitInfo [name: default]","logger_name":"org.hibernate.orm.jpa","thread_name":"Test worker","level":"INFO","level_value":20000}
2026-01-15T18:24:17.005-05:00  INFO 12776 --- [activity-service] [    Test worker] org.hibernate.orm.core                   : HHH000001: Hibernate ORM core version 7.2.0.Final
{"@timestamp":"2026-01-15T18:24:17.005666-05:00","@version":"1","message":"HHH000001: Hibernate ORM core version 7.2.0.Final","logger_name":"org.hibernate.orm.core","thread_name":"Test worker","level":"INFO","level_value":20000}
2026-01-15T18:24:17.100-05:00  INFO 12776 --- [activity-service] [    Test worker] o.s.o.j.p.SpringPersistenceUnitInfo      : No LoadTimeWeaver setup: ignoring JPA class transformer
{"@timestamp":"2026-01-15T18:24:17.100468-05:00","@version":"1","message":"No LoadTimeWeaver setup: ignoring JPA class transformer","logger_name":"org.springframework.orm.jpa.persistenceunit.SpringPersistenceUnitInfo","thread_name":"Test worker","level":"INFO","level_value":20000}
2026-01-15T18:24:17.125-05:00  INFO 12776 --- [activity-service] [    Test worker] org.hibernate.orm.connections.pooling    : HHH10001005: Database info:
	Database JDBC URL [jdbc:h2:mem:f37c2bb8-6e07-4e30-9263-9e6d194bb8a0]
	Database driver: H2 JDBC Driver
	Database dialect: H2Dialect
	Database version: 2.4.240
	Default catalog/schema: F37C2BB8-6E07-4E30-9263-9E6D194BB8A0/PUBLIC
	Autocommit mode: undefined/unknown
	Isolation level: READ_COMMITTED [default READ_COMMITTED]
	JDBC fetch size: 100
	Pool: DataSourceConnectionProvider
	Minimum pool size: undefined/unknown
	Maximum pool size: undefined/unknown
{"@timestamp":"2026-01-15T18:24:17.125538-05:00","@version":"1","message":"HHH10001005: Database info:\n\tDatabase JDBC URL [jdbc:h2:mem:f37c2bb8-6e07-4e30-9263-9e6d194bb8a0]\n\tDatabase driver: H2 JDBC Driver\n\tDatabase dialect: H2Dialect\n\tDatabase version: 2.4.240\n\tDefault catalog/schema: F37C2BB8-6E07-4E30-9263-9E6D194BB8A0/PUBLIC\n\tAutocommit mode: undefined/unknown\n\tIsolation level: READ_COMMITTED [default READ_COMMITTED]\n\tJDBC fetch size: 100\n\tPool: DataSourceConnectionProvider\n\tMinimum pool size: undefined/unknown\n\tMaximum pool size: undefined/unknown","logger_name":"org.hibernate.orm.connections.pooling","thread_name":"Test worker","level":"INFO","level_value":20000}
2026-01-15T18:24:17.351-05:00  INFO 12776 --- [activity-service] [    Test worker] org.hibernate.orm.core                   : HHH000489: No JTA platform available (set 'hibernate.transaction.jta.platform' to enable JTA platform integration)
{"@timestamp":"2026-01-15T18:24:17.351114-05:00","@version":"1","message":"HHH000489: No JTA platform available (set 'hibernate.transaction.jta.platform' to enable JTA platform integration)","logger_name":"org.hibernate.orm.core","thread_name":"Test worker","level":"INFO","level_value":20000}
2026-01-15T18:24:17.361-05:00  INFO 12776 --- [activity-service] [    Test worker] j.LocalContainerEntityManagerFactoryBean : Initialized JPA EntityManagerFactory for persistence unit 'default'
{"@timestamp":"2026-01-15T18:24:17.361856-05:00","@version":"1","message":"Initialized JPA EntityManagerFactory for persistence unit 'default'","logger_name":"org.springframework.orm.jpa.LocalContainerEntityManagerFactoryBean","thread_name":"Test worker","level":"INFO","level_value":20000}
2026-01-15T18:24:17.425-05:00  INFO 12776 --- [activity-service] [    Test worker] o.s.d.j.r.query.QueryEnhancerFactories   : Hibernate is in classpath; If applicable, HQL parser will be used.
{"@timestamp":"2026-01-15T18:24:17.425199-05:00","@version":"1","message":"Hibernate is in classpath; If applicable, HQL parser will be used.","logger_name":"org.springframework.data.jpa.repository.query.QueryEnhancerFactories","thread_name":"Test worker","level":"INFO","level_value":20000}
2026-01-15T18:24:17.610-05:00  WARN 12776 --- [activity-service] [    Test worker] JpaBaseConfiguration$JpaWebConfiguration : spring.jpa.open-in-view is enabled by default. Therefore, database queries may be performed during view rendering. Explicitly configure spring.jpa.open-in-view to disable this warning
{"@timestamp":"2026-01-15T18:24:17.610175-05:00","@version":"1","message":"spring.jpa.open-in-view is enabled by default. Therefore, database queries may be performed during view rendering. Explicitly configure spring.jpa.open-in-view to disable this warning","logger_name":"org.springframework.boot.jpa.autoconfigure.JpaBaseConfiguration$JpaWebConfiguration","thread_name":"Test worker","level":"WARN","level_value":30000}
2026-01-15T18:24:18.260-05:00  INFO 12776 --- [activity-service] [    Test worker] o.s.b.a.e.web.EndpointLinksResolver      : Exposing 1 endpoint beneath base path '/actuator'
{"@timestamp":"2026-01-15T18:24:18.260743-05:00","@version":"1","message":"Exposing 1 endpoint beneath base path '/actuator'","logger_name":"org.springframework.boot.actuate.endpoint.web.EndpointLinksResolver","thread_name":"Test worker","level":"INFO","level_value":20000}
2026-01-15T18:24:18.295-05:00  INFO 12776 --- [activity-service] [    Test worker] i.c.s.activity.ActivityApplicationTests  : Started ActivityApplicationTests in 2.346 seconds (process running for 3.135)
{"@timestamp":"2026-01-15T18:24:18.29582-05:00","@version":"1","message":"Started ActivityApplicationTests in 2.346 seconds (process running for 3.135)","logger_name":"io.code.sutra.activity.ActivityApplicationTests","thread_name":"Test worker","level":"INFO","level_value":20000}
]]></system-out>
  <system-err><![CDATA[18:24:16,140 |-WARN in ch.qos.logback.core.model.processor.ImplicitModelHandler - Ignoring unknown property [customFields] in [ch.qos.logback.classic.Logger]
]]></system-err>
</testsuite>
