<?xml version="1.0" encoding="UTF-8"?>
<testsuite name="io.code.sutra.activity.config.DataInitializerConfigBDDTest" tests="1" skipped="0" failures="0" errors="0" timestamp="2026-01-15T23:24:18.956Z" hostname="Saurabhs-MacBook-Pro-3.local" time="0.021">
  <properties/>
  <testcase name="Given context loads, when DataInitializer bean is present, then it should not be null" classname="io.code.sutra.activity.config.DataInitializerConfigBDDTest" time="0.021"/>
  <system-out><![CDATA[2026-01-15T18:24:18.584-05:00  INFO 12776 --- [activity-service] [    Test worker] t.c.s.AnnotationConfigContextLoaderUtils : Could not detect default configuration classes for test class [io.code.sutra.activity.config.DataInitializerConfigBDDTest]: DataInitializerConfigBDDTest does not declare any static, non-private, non-final, nested classes annotated with @Configuration.
{"@timestamp":"2026-01-15T18:24:18.584803-05:00","@version":"1","message":"Could not detect default configuration classes for test class [io.code.sutra.activity.config.DataInitializerConfigBDDTest]: DataInitializerConfigBDDTest does not declare any static, non-private, non-final, nested classes annotated with @Configuration.","logger_name":"org.springframework.test.context.support.AnnotationConfigContextLoaderUtils","thread_name":"Test worker","level":"INFO","level_value":20000}
2026-01-15T18:24:18.591-05:00  INFO 12776 --- [activity-service] [    Test worker] .b.t.c.SpringBootTestContextBootstrapper : Found @SpringBootConfiguration io.code.sutra.activity.ActivityApplication for test class io.code.sutra.activity.config.DataInitializerConfigBDDTest
{"@timestamp":"2026-01-15T18:24:18.591435-05:00","@version":"1","message":"Found @SpringBootConfiguration io.code.sutra.activity.ActivityApplication for test class io.code.sutra.activity.config.DataInitializerConfigBDDTest","logger_name":"org.springframework.boot.test.context.SpringBootTestContextBootstrapper","thread_name":"Test worker","level":"INFO","level_value":20000}

  .   ____          _            __ _ _
 /\\ / ___'_ __ _ _(_)_ __  __ _ \ \ \ \
( ( )\___ | '_ | '_| | '_ \/ _` | \ \ \ \
 \\/  ___)| |_)| | | | | || (_| |  ) ) ) )
  '  |____| .__|_| |_|_| |_\__, | / / / /
 =========|_|==============|___/=/_/_/_/

 :: Spring Boot ::                (v4.0.1)

2026-01-15T18:24:18.611-05:00  INFO 12776 --- [activity-service] [    Test worker] i.c.s.a.c.DataInitializerConfigBDDTest   : Starting DataInitializerConfigBDDTest using Java 24.0.1 with PID 12776 (started by saurabhchakote in /Users/saurabhchakote/Local/Technoration/services/activity-service)
{"@timestamp":"2026-01-15T18:24:18.611858-05:00","@version":"1","message":"Starting DataInitializerConfigBDDTest using Java 24.0.1 with PID 12776 (started by saurabhchakote in /Users/saurabhchakote/Local/Technoration/services/activity-service)","logger_name":"io.code.sutra.activity.config.DataInitializerConfigBDDTest","thread_name":"Test worker","level":"INFO","level_value":20000}
2026-01-15T18:24:18.612-05:00  INFO 12776 --- [activity-service] [    Test worker] i.c.s.a.c.DataInitializerConfigBDDTest   : The following 1 profile is active: "test"
{"@timestamp":"2026-01-15T18:24:18.612124-05:00","@version":"1","message":"The following 1 profile is active: \"test\"","logger_name":"io.code.sutra.activity.config.DataInitializerConfigBDDTest","thread_name":"Test worker","level":"INFO","level_value":20000}
2026-01-15T18:24:18.738-05:00  INFO 12776 --- [activity-service] [    Test worker] o.s.b.t.m.w.SpringBootMockServletContext : Initializing Spring TestDispatcherServlet ''
{"@timestamp":"2026-01-15T18:24:18.738049-05:00","@version":"1","message":"Initializing Spring TestDispatcherServlet ''","logger_name":"org.springframework.boot.test.mock.web.SpringBootMockServletContext","thread_name":"Test worker","level":"INFO","level_value":20000}
2026-01-15T18:24:18.738-05:00  INFO 12776 --- [activity-service] [    Test worker] o.s.t.web.servlet.TestDispatcherServlet  : Initializing Servlet ''
{"@timestamp":"2026-01-15T18:24:18.738406-05:00","@version":"1","message":"Initializing Servlet ''","logger_name":"org.springframework.test.web.servlet.TestDispatcherServlet","thread_name":"Test worker","level":"INFO","level_value":20000}
2026-01-15T18:24:18.739-05:00  INFO 12776 --- [activity-service] [    Test worker] o.s.t.web.servlet.TestDispatcherServlet  : Completed initialization in 1 ms
{"@timestamp":"2026-01-15T18:24:18.739275-05:00","@version":"1","message":"Completed initialization in 1 ms","logger_name":"org.springframework.test.web.servlet.TestDispatcherServlet","thread_name":"Test worker","level":"INFO","level_value":20000}
2026-01-15T18:24:18.947-05:00  INFO 12776 --- [activity-service] [    Test worker] i.c.s.a.c.DataInitializerConfigBDDTest   : Started DataInitializerConfigBDDTest in 0.354 seconds (process running for 3.786)
{"@timestamp":"2026-01-15T18:24:18.947067-05:00","@version":"1","message":"Started DataInitializerConfigBDDTest in 0.354 seconds (process running for 3.786)","logger_name":"io.code.sutra.activity.config.DataInitializerConfigBDDTest","thread_name":"Test worker","level":"INFO","level_value":20000}
]]></system-out>
  <system-err><![CDATA[18:24:18,607 |-WARN in ch.qos.logback.core.model.processor.ImplicitModelHandler - Ignoring unknown property [customFields] in [ch.qos.logback.classic.Logger]
]]></system-err>
</testsuite>
