<?xml version="1.0" encoding="UTF-8"?>
<testsuite name="io.code.sutra.activity.service.TaskServiceBDDTest" tests="1" skipped="0" failures="0" errors="0" timestamp="2026-01-15T23:24:19.954Z" hostname="Saurabhs-MacBook-Pro-3.local" time="0.01">
  <properties/>
  <testcase name="Given no tasks, when getAllTasks is called, then return empty list" classname="io.code.sutra.activity.service.TaskServiceBDDTest" time="0.01"/>
  <system-out><![CDATA[2026-01-15T18:24:19.101-05:00  INFO 12776 --- [activity-service] [    Test worker] t.c.s.AnnotationConfigContextLoaderUtils : Could not detect default configuration classes for test class [io.code.sutra.activity.service.TaskServiceBDDTest]: TaskServiceBDDTest does not declare any static, non-private, non-final, nested classes annotated with @Configuration.
{"@timestamp":"2026-01-15T18:24:19.10174-05:00","@version":"1","message":"Could not detect default configuration classes for test class [io.code.sutra.activity.service.TaskServiceBDDTest]: TaskServiceBDDTest does not declare any static, non-private, non-final, nested classes annotated with @Configuration.","logger_name":"org.springframework.test.context.support.AnnotationConfigContextLoaderUtils","thread_name":"Test worker","level":"INFO","level_value":20000}
2026-01-15T18:24:19.104-05:00  INFO 12776 --- [activity-service] [    Test worker] .b.t.c.SpringBootTestContextBootstrapper : Found @SpringBootConfiguration io.code.sutra.activity.ActivityApplication for test class io.code.sutra.activity.service.TaskServiceBDDTest
{"@timestamp":"2026-01-15T18:24:19.104344-05:00","@version":"1","message":"Found @SpringBootConfiguration io.code.sutra.activity.ActivityApplication for test class io.code.sutra.activity.service.TaskServiceBDDTest","logger_name":"org.springframework.boot.test.context.SpringBootTestContextBootstrapper","thread_name":"Test worker","level":"INFO","level_value":20000}

  .   ____          _            __ _ _
 /\\ / ___'_ __ _ _(_)_ __  __ _ \ \ \ \
( ( )\___ | '_ | '_| | '_ \/ _` | \ \ \ \
 \\/  ___)| |_)| | | | | || (_| |  ) ) ) )
  '  |____| .__|_| |_|_| |_\__, | / / / /
 =========|_|==============|___/=/_/_/_/

 :: Spring Boot ::                (v4.0.1)

2026-01-15T18:24:19.122-05:00  INFO 12776 --- [activity-service] [    Test worker] i.c.s.a.service.TaskServiceBDDTest       : Starting TaskServiceBDDTest using Java 24.0.1 with PID 12776 (started by saurabhchakote in /Users/saurabhchakote/Local/Technoration/services/activity-service)
{"@timestamp":"2026-01-15T18:24:19.12275-05:00","@version":"1","message":"Starting TaskServiceBDDTest using Java 24.0.1 with PID 12776 (started by saurabhchakote in /Users/saurabhchakote/Local/Technoration/services/activity-service)","logger_name":"io.code.sutra.activity.service.TaskServiceBDDTest","thread_name":"Test worker","level":"INFO","level_value":20000}
2026-01-15T18:24:19.123-05:00  INFO 12776 --- [activity-service] [    Test worker] i.c.s.a.service.TaskServiceBDDTest       : The following 1 profile is active: "test"
{"@timestamp":"2026-01-15T18:24:19.123011-05:00","@version":"1","message":"The following 1 profile is active: \"test\"","logger_name":"io.code.sutra.activity.service.TaskServiceBDDTest","thread_name":"Test worker","level":"INFO","level_value":20000}
2026-01-15T18:24:19.216-05:00  INFO 12776 --- [activity-service] [    Test worker] .s.d.r.c.RepositoryConfigurationDelegate : Bootstrapping Spring Data JPA repositories in DEFAULT mode.
{"@timestamp":"2026-01-15T18:24:19.216336-05:00","@version":"1","message":"Bootstrapping Spring Data JPA repositories in DEFAULT mode.","logger_name":"org.springframework.data.repository.config.RepositoryConfigurationDelegate","thread_name":"Test worker","level":"INFO","level_value":20000}
2026-01-15T18:24:19.222-05:00  INFO 12776 --- [activity-service] [    Test worker] .s.d.r.c.RepositoryConfigurationDelegate : Finished Spring Data repository scanning in 3 ms. Found 2 JPA repository interfaces.
{"@timestamp":"2026-01-15T18:24:19.222363-05:00","@version":"1","message":"Finished Spring Data repository scanning in 3 ms. Found 2 JPA repository interfaces.","logger_name":"org.springframework.data.repository.config.RepositoryConfigurationDelegate","thread_name":"Test worker","level":"INFO","level_value":20000}
2026-01-15T18:24:19.266-05:00  INFO 12776 --- [activity-service] [    Test worker] o.s.cloud.context.scope.GenericScope     : BeanFactory id=d252c404-8222-3594-858f-79746c518ae4
{"@timestamp":"2026-01-15T18:24:19.266246-05:00","@version":"1","message":"BeanFactory id=d252c404-8222-3594-858f-79746c518ae4","logger_name":"org.springframework.cloud.context.scope.GenericScope","thread_name":"Test worker","level":"INFO","level_value":20000}
2026-01-15T18:24:19.382-05:00  INFO 12776 --- [activity-service] [    Test worker] com.zaxxer.hikari.HikariDataSource       : HikariPool-2 - Starting...
{"@timestamp":"2026-01-15T18:24:19.382722-05:00","@version":"1","message":"HikariPool-2 - Starting...","logger_name":"com.zaxxer.hikari.HikariDataSource","thread_name":"Test worker","level":"INFO","level_value":20000}
2026-01-15T18:24:19.384-05:00  INFO 12776 --- [activity-service] [    Test worker] com.zaxxer.hikari.pool.HikariPool        : HikariPool-2 - Added connection conn10: url=jdbc:h2:mem:6172fa1c-7392-40ee-b09a-6951e46423b7 user=SA
{"@timestamp":"2026-01-15T18:24:19.384003-05:00","@version":"1","message":"HikariPool-2 - Added connection conn10: url=jdbc:h2:mem:6172fa1c-7392-40ee-b09a-6951e46423b7 user=SA","logger_name":"com.zaxxer.hikari.pool.HikariPool","thread_name":"Test worker","level":"INFO","level_value":20000}
2026-01-15T18:24:19.384-05:00  INFO 12776 --- [activity-service] [    Test worker] com.zaxxer.hikari.HikariDataSource       : HikariPool-2 - Start completed.
{"@timestamp":"2026-01-15T18:24:19.384228-05:00","@version":"1","message":"HikariPool-2 - Start completed.","logger_name":"com.zaxxer.hikari.HikariDataSource","thread_name":"Test worker","level":"INFO","level_value":20000}
2026-01-15T18:24:19.397-05:00  INFO 12776 --- [activity-service] [    Test worker] org.hibernate.orm.jpa                    : HHH008540: Processing PersistenceUnitInfo [name: default]
{"@timestamp":"2026-01-15T18:24:19.397486-05:00","@version":"1","message":"HHH008540: Processing PersistenceUnitInfo [name: default]","logger_name":"org.hibernate.orm.jpa","thread_name":"Test worker","level":"INFO","level_value":20000}
2026-01-15T18:24:19.406-05:00  INFO 12776 --- [activity-service] [    Test worker] o.s.o.j.p.SpringPersistenceUnitInfo      : No LoadTimeWeaver setup: ignoring JPA class transformer
{"@timestamp":"2026-01-15T18:24:19.406157-05:00","@version":"1","message":"No LoadTimeWeaver setup: ignoring JPA class transformer","logger_name":"org.springframework.orm.jpa.persistenceunit.SpringPersistenceUnitInfo","thread_name":"Test worker","level":"INFO","level_value":20000}
2026-01-15T18:24:19.406-05:00  INFO 12776 --- [activity-service] [    Test worker] org.hibernate.orm.connections.pooling    : HHH10001005: Database info:
	Database JDBC URL [jdbc:h2:mem:6172fa1c-7392-40ee-b09a-6951e46423b7]
	Database driver: H2 JDBC Driver
	Database dialect: H2Dialect
	Database version: 2.4.240
	Default catalog/schema: 6172FA1C-7392-40EE-B09A-6951E46423B7/PUBLIC
	Autocommit mode: undefined/unknown
	Isolation level: READ_COMMITTED [default READ_COMMITTED]
	JDBC fetch size: 100
	Pool: DataSourceConnectionProvider
	Minimum pool size: undefined/unknown
	Maximum pool size: undefined/unknown
{"@timestamp":"2026-01-15T18:24:19.406953-05:00","@version":"1","message":"HHH10001005: Database info:\n\tDatabase JDBC URL [jdbc:h2:mem:6172fa1c-7392-40ee-b09a-6951e46423b7]\n\tDatabase driver: H2 JDBC Driver\n\tDatabase dialect: H2Dialect\n\tDatabase version: 2.4.240\n\tDefault catalog/schema: 6172FA1C-7392-40EE-B09A-6951E46423B7/PUBLIC\n\tAutocommit mode: undefined/unknown\n\tIsolation level: READ_COMMITTED [default READ_COMMITTED]\n\tJDBC fetch size: 100\n\tPool: DataSourceConnectionProvider\n\tMinimum pool size: undefined/unknown\n\tMaximum pool size: undefined/unknown","logger_name":"org.hibernate.orm.connections.pooling","thread_name":"Test worker","level":"INFO","level_value":20000}
2026-01-15T18:24:19.416-05:00  INFO 12776 --- [activity-service] [    Test worker] org.hibernate.orm.core                   : HHH000489: No JTA platform available (set 'hibernate.transaction.jta.platform' to enable JTA platform integration)
{"@timestamp":"2026-01-15T18:24:19.41629-05:00","@version":"1","message":"HHH000489: No JTA platform available (set 'hibernate.transaction.jta.platform' to enable JTA platform integration)","logger_name":"org.hibernate.orm.core","thread_name":"Test worker","level":"INFO","level_value":20000}
2026-01-15T18:24:19.417-05:00  INFO 12776 --- [activity-service] [    Test worker] j.LocalContainerEntityManagerFactoryBean : Initialized JPA EntityManagerFactory for persistence unit 'default'
{"@timestamp":"2026-01-15T18:24:19.417949-05:00","@version":"1","message":"Initialized JPA EntityManagerFactory for persistence unit 'default'","logger_name":"org.springframework.orm.jpa.LocalContainerEntityManagerFactoryBean","thread_name":"Test worker","level":"INFO","level_value":20000}
2026-01-15T18:24:19.544-05:00  WARN 12776 --- [activity-service] [    Test worker] JpaBaseConfiguration$JpaWebConfiguration : spring.jpa.open-in-view is enabled by default. Therefore, database queries may be performed during view rendering. Explicitly configure spring.jpa.open-in-view to disable this warning
{"@timestamp":"2026-01-15T18:24:19.544045-05:00","@version":"1","message":"spring.jpa.open-in-view is enabled by default. Therefore, database queries may be performed during view rendering. Explicitly configure spring.jpa.open-in-view to disable this warning","logger_name":"org.springframework.boot.jpa.autoconfigure.JpaBaseConfiguration$JpaWebConfiguration","thread_name":"Test worker","level":"WARN","level_value":30000}
2026-01-15T18:24:19.930-05:00  INFO 12776 --- [activity-service] [    Test worker] o.s.b.a.e.web.EndpointLinksResolver      : Exposing 1 endpoint beneath base path '/actuator'
{"@timestamp":"2026-01-15T18:24:19.930232-05:00","@version":"1","message":"Exposing 1 endpoint beneath base path '/actuator'","logger_name":"org.springframework.boot.actuate.endpoint.web.EndpointLinksResolver","thread_name":"Test worker","level":"INFO","level_value":20000}
2026-01-15T18:24:19.946-05:00  INFO 12776 --- [activity-service] [    Test worker] i.c.s.a.service.TaskServiceBDDTest       : Started TaskServiceBDDTest in 0.841 seconds (process running for 4.785)
{"@timestamp":"2026-01-15T18:24:19.946104-05:00","@version":"1","message":"Started TaskServiceBDDTest in 0.841 seconds (process running for 4.785)","logger_name":"io.code.sutra.activity.service.TaskServiceBDDTest","thread_name":"Test worker","level":"INFO","level_value":20000}
]]></system-out>
  <system-err><![CDATA[18:24:19,120 |-WARN in ch.qos.logback.core.model.processor.ImplicitModelHandler - Ignoring unknown property [customFields] in [ch.qos.logback.classic.Logger]
]]></system-err>
</testsuite>
