<?xml version="1.0" encoding="UTF-8"?>
<testsuite name="io.code.sutra.activity.controller.HelloWorldControllerBDDTest" tests="1" skipped="0" failures="0" errors="0" timestamp="2026-01-15T23:24:19.077Z" hostname="Saurabhs-MacBook-Pro-3.local" time="0.021">
  <properties/>
  <testcase name="Given GET /hello, when called, then return 200 OK" classname="io.code.sutra.activity.controller.HelloWorldControllerBDDTest" time="0.021"/>
  <system-out><![CDATA[2026-01-15T18:24:18.980-05:00  INFO 12776 --- [activity-service] [    Test worker] t.c.s.AnnotationConfigContextLoaderUtils : Could not detect default configuration classes for test class [io.code.sutra.activity.controller.HelloWorldControllerBDDTest]: HelloWorldControllerBDDTest does not declare any static, non-private, non-final, nested classes annotated with @Configuration.
{"@timestamp":"2026-01-15T18:24:18.980658-05:00","@version":"1","message":"Could not detect default configuration classes for test class [io.code.sutra.activity.controller.HelloWorldControllerBDDTest]: HelloWorldControllerBDDTest does not declare any static, non-private, non-final, nested classes annotated with @Configuration.","logger_name":"org.springframework.test.context.support.AnnotationConfigContextLoaderUtils","thread_name":"Test worker","level":"INFO","level_value":20000}
2026-01-15T18:24:18.988-05:00  INFO 12776 --- [activity-service] [    Test worker] .b.t.c.SpringBootTestContextBootstrapper : Found @SpringBootConfiguration io.code.sutra.activity.ActivityApplication for test class io.code.sutra.activity.controller.HelloWorldControllerBDDTest
{"@timestamp":"2026-01-15T18:24:18.988223-05:00","@version":"1","message":"Found @SpringBootConfiguration io.code.sutra.activity.ActivityApplication for test class io.code.sutra.activity.controller.HelloWorldControllerBDDTest","logger_name":"org.springframework.boot.test.context.SpringBootTestContextBootstrapper","thread_name":"Test worker","level":"INFO","level_value":20000}

  .   ____          _            __ _ _
 /\\ / ___'_ __ _ _(_)_ __  __ _ \ \ \ \
( ( )\___ | '_ | '_| | '_ \/ _` | \ \ \ \
 \\/  ___)| |_)| | | | | || (_| |  ) ) ) )
  '  |____| .__|_| |_|_| |_\__, | / / / /
 =========|_|==============|___/=/_/_/_/

 :: Spring Boot ::                (v4.0.1)

2026-01-15T18:24:19.010-05:00  INFO 12776 --- [activity-service] [    Test worker] i.c.s.a.c.HelloWorldControllerBDDTest    : Starting HelloWorldControllerBDDTest using Java 24.0.1 with PID 12776 (started by saurabhchakote in /Users/saurabhchakote/Local/Technoration/services/activity-service)
{"@timestamp":"2026-01-15T18:24:19.01045-05:00","@version":"1","message":"Starting HelloWorldControllerBDDTest using Java 24.0.1 with PID 12776 (started by saurabhchakote in /Users/saurabhchakote/Local/Technoration/services/activity-service)","logger_name":"io.code.sutra.activity.controller.HelloWorldControllerBDDTest","thread_name":"Test worker","level":"INFO","level_value":20000}
2026-01-15T18:24:19.010-05:00  INFO 12776 --- [activity-service] [    Test worker] i.c.s.a.c.HelloWorldControllerBDDTest    : The following 1 profile is active: "test"
{"@timestamp":"2026-01-15T18:24:19.010715-05:00","@version":"1","message":"The following 1 profile is active: \"test\"","logger_name":"io.code.sutra.activity.controller.HelloWorldControllerBDDTest","thread_name":"Test worker","level":"INFO","level_value":20000}
2026-01-15T18:24:19.071-05:00  INFO 12776 --- [activity-service] [    Test worker] o.s.b.t.m.w.SpringBootMockServletContext : Initializing Spring TestDispatcherServlet ''
{"@timestamp":"2026-01-15T18:24:19.071062-05:00","@version":"1","message":"Initializing Spring TestDispatcherServlet ''","logger_name":"org.springframework.boot.test.mock.web.SpringBootMockServletContext","thread_name":"Test worker","level":"INFO","level_value":20000}
2026-01-15T18:24:19.071-05:00  INFO 12776 --- [activity-service] [    Test worker] o.s.t.web.servlet.TestDispatcherServlet  : Initializing Servlet ''
{"@timestamp":"2026-01-15T18:24:19.07135-05:00","@version":"1","message":"Initializing Servlet ''","logger_name":"org.springframework.test.web.servlet.TestDispatcherServlet","thread_name":"Test worker","level":"INFO","level_value":20000}
2026-01-15T18:24:19.071-05:00  INFO 12776 --- [activity-service] [    Test worker] o.s.t.web.servlet.TestDispatcherServlet  : Completed initialization in 0 ms
{"@timestamp":"2026-01-15T18:24:19.071741-05:00","@version":"1","message":"Completed initialization in 0 ms","logger_name":"org.springframework.test.web.servlet.TestDispatcherServlet","thread_name":"Test worker","level":"INFO","level_value":20000}
2026-01-15T18:24:19.075-05:00  INFO 12776 --- [activity-service] [    Test worker] i.c.s.a.c.HelloWorldControllerBDDTest    : Started HelloWorldControllerBDDTest in 0.086 seconds (process running for 3.914)
{"@timestamp":"2026-01-15T18:24:19.075323-05:00","@version":"1","message":"Started HelloWorldControllerBDDTest in 0.086 seconds (process running for 3.914)","logger_name":"io.code.sutra.activity.controller.HelloWorldControllerBDDTest","thread_name":"Test worker","level":"INFO","level_value":20000}
2026-01-15T18:24:19.092-05:00  INFO 12776 --- [activity-service] [    Test worker] i.c.s.activity.controller.HelloWorld     : Hello World endpoint called
{"@timestamp":"2026-01-15T18:24:19.092171-05:00","@version":"1","message":"Hello World endpoint called","logger_name":"io.code.sutra.activity.controller.HelloWorld","thread_name":"Test worker","level":"INFO","level_value":20000}
]]></system-out>
  <system-err><![CDATA[18:24:19,008 |-WARN in ch.qos.logback.core.model.processor.ImplicitModelHandler - Ignoring unknown property [customFields] in [ch.qos.logback.classic.Logger]
]]></system-err>
</testsuite>
