<?xml version="1.0" encoding="UTF-8"?>
<testsuite name="io.code.sutra.activity.controller.UserControllerParameterizedTest" tests="10" skipped="0" failures="0" errors="0" timestamp="2026-01-30T21:37:33.710Z" hostname="Saurabhs-MacBook-Pro-3.local" time="0.684">
  <properties/>
  <testcase name="[1] name=alice" classname="io.code.sutra.activity.controller.UserControllerParameterizedTest" time="0.564"/>
  <testcase name="[2] name=bob" classname="io.code.sutra.activity.controller.UserControllerParameterizedTest" time="0.011"/>
  <testcase name="[3] name=Sam" classname="io.code.sutra.activity.controller.UserControllerParameterizedTest" time="0.009"/>
  <testcase name="[1] id=10, name=nonexist" classname="io.code.sutra.activity.controller.UserControllerParameterizedTest" time="0.012"/>
  <testcase name="[2] id=11, name=ghost" classname="io.code.sutra.activity.controller.UserControllerParameterizedTest" time="0.008"/>
  <testcase name="[1] id=1, name=alice, returnedId=201, email=alice@example.com" classname="io.code.sutra.activity.controller.UserControllerParameterizedTest" time="0.009"/>
  <testcase name="[2] id=2, name=bob, returnedId=202, email=bob@example.com" classname="io.code.sutra.activity.controller.UserControllerParameterizedTest" time="0.008"/>
  <testcase name="[1] name=, expectedMessage=name is required" classname="io.code.sutra.activity.controller.UserControllerParameterizedTest" time="0.018"/>
  <testcase name="[2] name=   , expectedMessage=name is required" classname="io.code.sutra.activity.controller.UserControllerParameterizedTest" time="0.007"/>
  <testcase name="[3] name=NULL, expectedMessage=name is required" classname="io.code.sutra.activity.controller.UserControllerParameterizedTest" time="0.006"/>
  <system-out><![CDATA[16:37:33.849 [Test worker] INFO org.hibernate.validator.internal.util.Version -- HV000001: Hibernate Validator 9.0.1.Final
16:37:34.153 [Test worker] INFO org.springframework.mock.web.MockServletContext -- Initializing Spring TestDispatcherServlet ''
16:37:34.153 [Test worker] INFO org.springframework.test.web.servlet.TestDispatcherServlet -- Initializing Servlet ''
16:37:34.154 [Test worker] INFO org.springframework.test.web.servlet.TestDispatcherServlet -- Completed initialization in 1 ms
16:37:34.248 [Test worker] INFO io.code.sutra.activity.controller.UserController -- Received request to add user: UserRequest(id=null, name=alice, email=null, phone=null, notes=null)
16:37:34.285 [Test worker] INFO org.springframework.mock.web.MockServletContext -- Initializing Spring TestDispatcherServlet ''
16:37:34.285 [Test worker] INFO org.springframework.test.web.servlet.TestDispatcherServlet -- Initializing Servlet ''
16:37:34.285 [Test worker] INFO org.springframework.test.web.servlet.TestDispatcherServlet -- Completed initialization in 0 ms
16:37:34.289 [Test worker] INFO io.code.sutra.activity.controller.UserController -- Received request to add user: UserRequest(id=null, name=bob, email=null, phone=null, notes=null)
16:37:34.298 [Test worker] INFO org.springframework.mock.web.MockServletContext -- Initializing Spring TestDispatcherServlet ''
16:37:34.298 [Test worker] INFO org.springframework.test.web.servlet.TestDispatcherServlet -- Initializing Servlet ''
16:37:34.298 [Test worker] INFO org.springframework.test.web.servlet.TestDispatcherServlet -- Completed initialization in 0 ms
16:37:34.301 [Test worker] INFO io.code.sutra.activity.controller.UserController -- Received request to add user: UserRequest(id=null, name=Sam, email=null, phone=null, notes=null)
16:37:34.317 [Test worker] INFO org.springframework.mock.web.MockServletContext -- Initializing Spring TestDispatcherServlet ''
16:37:34.317 [Test worker] INFO org.springframework.test.web.servlet.TestDispatcherServlet -- Initializing Servlet ''
16:37:34.317 [Test worker] INFO org.springframework.test.web.servlet.TestDispatcherServlet -- Completed initialization in 0 ms
16:37:34.331 [Test worker] INFO org.springframework.mock.web.MockServletContext -- Initializing Spring TestDispatcherServlet ''
16:37:34.331 [Test worker] INFO org.springframework.test.web.servlet.TestDispatcherServlet -- Initializing Servlet ''
16:37:34.331 [Test worker] INFO org.springframework.test.web.servlet.TestDispatcherServlet -- Completed initialization in 0 ms
16:37:34.341 [Test worker] INFO org.springframework.mock.web.MockServletContext -- Initializing Spring TestDispatcherServlet ''
16:37:34.341 [Test worker] INFO org.springframework.test.web.servlet.TestDispatcherServlet -- Initializing Servlet ''
16:37:34.341 [Test worker] INFO org.springframework.test.web.servlet.TestDispatcherServlet -- Completed initialization in 0 ms
16:37:34.354 [Test worker] INFO org.springframework.mock.web.MockServletContext -- Initializing Spring TestDispatcherServlet ''
16:37:34.354 [Test worker] INFO org.springframework.test.web.servlet.TestDispatcherServlet -- Initializing Servlet ''
16:37:34.354 [Test worker] INFO org.springframework.test.web.servlet.TestDispatcherServlet -- Completed initialization in 0 ms
16:37:34.365 [Test worker] INFO org.springframework.mock.web.MockServletContext -- Initializing Spring TestDispatcherServlet ''
16:37:34.365 [Test worker] INFO org.springframework.test.web.servlet.TestDispatcherServlet -- Initializing Servlet ''
16:37:34.365 [Test worker] INFO org.springframework.test.web.servlet.TestDispatcherServlet -- Completed initialization in 0 ms
16:37:34.384 [Test worker] INFO org.springframework.mock.web.MockServletContext -- Initializing Spring TestDispatcherServlet ''
16:37:34.384 [Test worker] INFO org.springframework.test.web.servlet.TestDispatcherServlet -- Initializing Servlet ''
16:37:34.384 [Test worker] INFO org.springframework.test.web.servlet.TestDispatcherServlet -- Completed initialization in 0 ms
16:37:34.392 [Test worker] INFO org.springframework.mock.web.MockServletContext -- Initializing Spring TestDispatcherServlet ''
16:37:34.392 [Test worker] INFO org.springframework.test.web.servlet.TestDispatcherServlet -- Initializing Servlet ''
16:37:34.392 [Test worker] INFO org.springframework.test.web.servlet.TestDispatcherServlet -- Completed initialization in 0 ms
]]></system-out>
  <system-err><![CDATA[]]></system-err>
</testsuite>
