<?xml version="1.0" encoding="UTF-8"?>
<testsuite name="io.code.sutra.activity.CorsIntegrationTest" tests="2" skipped="2" failures="0" errors="0" timestamp="2026-01-30T21:37:33.477Z" hostname="Saurabhs-MacBook-Pro-3.local" time="0.0">
  <properties/>
  <testcase name="get_with_origin_should_return_access_control_allow_origin()" classname="io.code.sutra.activity.CorsIntegrationTest" time="0.0">
    <skipped/>
  </testcase>
  <testcase name="preflight_should_return_cors_headers()" classname="io.code.sutra.activity.CorsIntegrationTest" time="0.0">
    <skipped/>
  </testcase>
  <system-out><![CDATA[]]></system-out>
  <system-err><![CDATA[]]></system-err>
</testsuite>
