<?xml version="1.0" encoding="UTF-8"?>
<testsuite name="io.code.sutra.activity.service.TaskServiceBDDTest" tests="4" skipped="0" failures="0" errors="0" timestamp="2026-01-25T07:50:04.643Z" hostname="Saurabhs-MacBook-Pro-3.local" time="0.164">
  <properties/>
  <testcase name="When creating a task, saved task is returned" classname="io.code.sutra.activity.service.TaskServiceBDDTest" time="0.141"/>
  <testcase name="Assigning a task updates assignee" classname="io.code.sutra.activity.service.TaskServiceBDDTest" time="0.004"/>
  <testcase name="Deleting existing task returns true" classname="io.code.sutra.activity.service.TaskServiceBDDTest" time="0.004"/>
  <testcase name="Given no tasks, when getAllTasks is called, then return empty list" classname="io.code.sutra.activity.service.TaskServiceBDDTest" time="0.005"/>
  <system-out><![CDATA[02:50:04.776 [Test worker] INFO io.code.sutra.activity.service.TaskService -- createTask called with input -> id: null, title: T1, status: pending, assignee: null, service: svc
02:50:04.776 [Test worker] INFO io.code.sutra.activity.service.TaskService -- Assigned generated id 1 to task before persist
02:50:04.780 [Test worker] INFO io.code.sutra.activity.service.TaskService -- Task persisted with id 1
]]></system-out>
  <system-err><![CDATA[]]></system-err>
</testsuite>
