<?xml version="1.0" encoding="UTF-8"?>
<testsuite name="io.code.sutra.activity.CorsIntegrationTest" tests="2" skipped="0" failures="0" errors="0" timestamp="2026-01-25T01:55:25.208Z" hostname="Saurabhs-MacBook-Pro-3.local" time="0.053">
  <properties/>
  <testcase name="get_with_origin_should_return_access_control_allow_origin()" classname="io.code.sutra.activity.CorsIntegrationTest" time="0.047"/>
  <testcase name="preflight_should_return_cors_headers()" classname="io.code.sutra.activity.CorsIntegrationTest" time="0.004"/>
  <system-out><![CDATA[2026-01-24T20:55:25.204-05:00  INFO 74088 --- [activity-service] [    Test worker] t.c.s.AnnotationConfigContextLoaderUtils : Could not detect default configuration classes for test class [io.code.sutra.activity.CorsIntegrationTest]: CorsIntegrationTest does not declare any static, non-private, non-final, nested classes annotated with @Configuration.
2026-01-24 20:55:25.204 [Test worker] INFO  [traceId=,spanId=,correlationId=] - Could not detect default configuration classes for test class [io.code.sutra.activity.CorsIntegrationTest]: CorsIntegrationTest does not declare any static, non-private, non-final, nested classes annotated with @Configuration.
{"@timestamp":"2026-01-24T20:55:25.204857-05:00","@version":"1","message":"Could not detect default configuration classes for test class [io.code.sutra.activity.CorsIntegrationTest]: CorsIntegrationTest does not declare any static, non-private, non-final, nested classes annotated with @Configuration.","logger_name":"org.springframework.test.context.support.AnnotationConfigContextLoaderUtils","thread_name":"Test worker","level":"INFO","level_value":20000,"app":"activity-service"}
2026-01-24T20:55:25.205-05:00  INFO 74088 --- [activity-service] [    Test worker] .b.t.c.SpringBootTestContextBootstrapper : Found @SpringBootConfiguration io.code.sutra.activity.ActivityApplication for test class io.code.sutra.activity.CorsIntegrationTest
2026-01-24 20:55:25.205 [Test worker] INFO  [traceId=,spanId=,correlationId=] - Found @SpringBootConfiguration io.code.sutra.activity.ActivityApplication for test class io.code.sutra.activity.CorsIntegrationTest
{"@timestamp":"2026-01-24T20:55:25.205806-05:00","@version":"1","message":"Found @SpringBootConfiguration io.code.sutra.activity.ActivityApplication for test class io.code.sutra.activity.CorsIntegrationTest","logger_name":"org.springframework.boot.test.context.SpringBootTestContextBootstrapper","thread_name":"Test worker","level":"INFO","level_value":20000,"app":"activity-service"}
2026-01-24T20:55:25.212-05:00  INFO 74088 --- [activity-service] [    Test worker] o.s.b.t.m.w.SpringBootMockServletContext : Initializing Spring TestDispatcherServlet ''
2026-01-24 20:55:25.212 [Test worker] INFO  [traceId=,spanId=,correlationId=] - Initializing Spring TestDispatcherServlet ''
{"@timestamp":"2026-01-24T20:55:25.212899-05:00","@version":"1","message":"Initializing Spring TestDispatcherServlet ''","logger_name":"org.springframework.boot.test.mock.web.SpringBootMockServletContext","thread_name":"Test worker","level":"INFO","level_value":20000,"app":"activity-service"}
2026-01-24T20:55:25.213-05:00  INFO 74088 --- [activity-service] [    Test worker] o.s.t.web.servlet.TestDispatcherServlet  : Initializing Servlet ''
2026-01-24 20:55:25.213 [Test worker] INFO  [traceId=,spanId=,correlationId=] - Initializing Servlet ''
{"@timestamp":"2026-01-24T20:55:25.21319-05:00","@version":"1","message":"Initializing Servlet ''","logger_name":"org.springframework.test.web.servlet.TestDispatcherServlet","thread_name":"Test worker","level":"INFO","level_value":20000,"app":"activity-service"}
2026-01-24T20:55:25.213-05:00  INFO 74088 --- [activity-service] [    Test worker] o.s.t.web.servlet.TestDispatcherServlet  : Completed initialization in 0 ms
2026-01-24 20:55:25.213 [Test worker] INFO  [traceId=,spanId=,correlationId=] - Completed initialization in 0 ms
{"@timestamp":"2026-01-24T20:55:25.213942-05:00","@version":"1","message":"Completed initialization in 0 ms","logger_name":"org.springframework.test.web.servlet.TestDispatcherServlet","thread_name":"Test worker","level":"INFO","level_value":20000,"app":"activity-service"}
2026-01-24T20:55:25.231-05:00  INFO 74088 --- [activity-service] [    Test worker] i.c.s.activity.controller.HelloWorld     : Hello World endpoint invoked
2026-01-24 20:55:25.231 [Test worker] INFO  [traceId=,spanId=,correlationId=] - Hello World endpoint invoked
{"@timestamp":"2026-01-24T20:55:25.231368-05:00","@version":"1","message":"Hello World endpoint invoked","logger_name":"io.code.sutra.activity.controller.HelloWorld","thread_name":"Test worker","level":"INFO","level_value":20000,"app":"activity-service"}
2026-01-24T20:55:25.259-05:00  INFO 74088 --- [activity-service] [    Test worker] o.s.b.t.m.w.SpringBootMockServletContext : Initializing Spring TestDispatcherServlet ''
2026-01-24 20:55:25.259 [Test worker] INFO  [traceId=,spanId=,correlationId=] - Initializing Spring TestDispatcherServlet ''
{"@timestamp":"2026-01-24T20:55:25.259168-05:00","@version":"1","message":"Initializing Spring TestDispatcherServlet ''","logger_name":"org.springframework.boot.test.mock.web.SpringBootMockServletContext","thread_name":"Test worker","level":"INFO","level_value":20000,"app":"activity-service"}
2026-01-24T20:55:25.259-05:00  INFO 74088 --- [activity-service] [    Test worker] o.s.t.web.servlet.TestDispatcherServlet  : Initializing Servlet ''
2026-01-24 20:55:25.259 [Test worker] INFO  [traceId=,spanId=,correlationId=] - Initializing Servlet ''
{"@timestamp":"2026-01-24T20:55:25.259433-05:00","@version":"1","message":"Initializing Servlet ''","logger_name":"org.springframework.test.web.servlet.TestDispatcherServlet","thread_name":"Test worker","level":"INFO","level_value":20000,"app":"activity-service"}
2026-01-24T20:55:25.260-05:00  INFO 74088 --- [activity-service] [    Test worker] o.s.t.web.servlet.TestDispatcherServlet  : Completed initialization in 1 ms
2026-01-24 20:55:25.260 [Test worker] INFO  [traceId=,spanId=,correlationId=] - Completed initialization in 1 ms
{"@timestamp":"2026-01-24T20:55:25.260063-05:00","@version":"1","message":"Completed initialization in 1 ms","logger_name":"org.springframework.test.web.servlet.TestDispatcherServlet","thread_name":"Test worker","level":"INFO","level_value":20000,"app":"activity-service"}
]]></system-out>
  <system-err><![CDATA[]]></system-err>
</testsuite>
