<?xml version="1.0" encoding="UTF-8"?>
<testsuite name="io.code.sutra.activity.controller.HelloWorldControllerBDDTest" tests="1" skipped="0" failures="0" errors="0" timestamp="2026-01-25T01:55:26.066Z" hostname="Saurabhs-MacBook-Pro-3.local" time="0.011">
  <properties/>
  <testcase name="Given direct call to hello(), then return 200 OK" classname="io.code.sutra.activity.controller.HelloWorldControllerBDDTest" time="0.011"/>
  <system-out><![CDATA[2026-01-24T20:55:25.272-05:00  INFO 74088 --- [activity-service] [    Test worker] t.c.s.AnnotationConfigContextLoaderUtils : Could not detect default configuration classes for test class [io.code.sutra.activity.controller.HelloWorldControllerBDDTest]: HelloWorldControllerBDDTest does not declare any static, non-private, non-final, nested classes annotated with @Configuration.
2026-01-24 20:55:25.272 [Test worker] INFO  [traceId=,spanId=,correlationId=] - Could not detect default configuration classes for test class [io.code.sutra.activity.controller.HelloWorldControllerBDDTest]: HelloWorldControllerBDDTest does not declare any static, non-private, non-final, nested classes annotated with @Configuration.
{"@timestamp":"2026-01-24T20:55:25.272098-05:00","@version":"1","message":"Could not detect default configuration classes for test class [io.code.sutra.activity.controller.HelloWorldControllerBDDTest]: HelloWorldControllerBDDTest does not declare any static, non-private, non-final, nested classes annotated with @Configuration.","logger_name":"org.springframework.test.context.support.AnnotationConfigContextLoaderUtils","thread_name":"Test worker","level":"INFO","level_value":20000,"app":"activity-service"}
2026-01-24T20:55:25.274-05:00  INFO 74088 --- [activity-service] [    Test worker] .b.t.c.SpringBootTestContextBootstrapper : Found @SpringBootConfiguration io.code.sutra.activity.ActivityApplication for test class io.code.sutra.activity.controller.HelloWorldControllerBDDTest
2026-01-24 20:55:25.274 [Test worker] INFO  [traceId=,spanId=,correlationId=] - Found @SpringBootConfiguration io.code.sutra.activity.ActivityApplication for test class io.code.sutra.activity.controller.HelloWorldControllerBDDTest
{"@timestamp":"2026-01-24T20:55:25.274665-05:00","@version":"1","message":"Found @SpringBootConfiguration io.code.sutra.activity.ActivityApplication for test class io.code.sutra.activity.controller.HelloWorldControllerBDDTest","logger_name":"org.springframework.boot.test.context.SpringBootTestContextBootstrapper","thread_name":"Test worker","level":"INFO","level_value":20000,"app":"activity-service"}

  .   ____          _            __ _ _
 /\\ / ___'_ __ _ _(_)_ __  __ _ \ \ \ \
( ( )\___ | '_ | '_| | '_ \/ _` | \ \ \ \
 \\/  ___)| |_)| | | | | || (_| |  ) ) ) )
  '  |____| .__|_| |_|_| |_\__, | / / / /
 =========|_|==============|___/=/_/_/_/

 :: Spring Boot ::                (v4.0.1)

2026-01-24T20:55:25.296-05:00  INFO 74088 --- [activity-service] [    Test worker] i.c.s.a.c.HelloWorldControllerBDDTest    : Starting HelloWorldControllerBDDTest using Java 24.0.1 with PID 74088 (started by saurabhchakote in /Users/saurabhchakote/Local/Technoration/services/activity-service)
2026-01-24 20:55:25.296 [Test worker] INFO  [traceId=,spanId=,correlationId=] - Starting HelloWorldControllerBDDTest using Java 24.0.1 with PID 74088 (started by saurabhchakote in /Users/saurabhchakote/Local/Technoration/services/activity-service)
{"@timestamp":"2026-01-24T20:55:25.296982-05:00","@version":"1","message":"Starting HelloWorldControllerBDDTest using Java 24.0.1 with PID 74088 (started by saurabhchakote in /Users/saurabhchakote/Local/Technoration/services/activity-service)","logger_name":"io.code.sutra.activity.controller.HelloWorldControllerBDDTest","thread_name":"Test worker","level":"INFO","level_value":20000,"app":"activity-service"}
2026-01-24T20:55:25.297-05:00  INFO 74088 --- [activity-service] [    Test worker] i.c.s.a.c.HelloWorldControllerBDDTest    : The following 1 profile is active: "test"
2026-01-24 20:55:25.297 [Test worker] INFO  [traceId=,spanId=,correlationId=] - The following 1 profile is active: "test"
{"@timestamp":"2026-01-24T20:55:25.297319-05:00","@version":"1","message":"The following 1 profile is active: \"test\"","logger_name":"io.code.sutra.activity.controller.HelloWorldControllerBDDTest","thread_name":"Test worker","level":"INFO","level_value":20000,"app":"activity-service"}
2026-01-24T20:55:25.387-05:00  INFO 74088 --- [activity-service] [    Test worker] .s.d.r.c.RepositoryConfigurationDelegate : Bootstrapping Spring Data JPA repositories in DEFAULT mode.
2026-01-24 20:55:25.387 [Test worker] INFO  [traceId=,spanId=,correlationId=] - Bootstrapping Spring Data JPA repositories in DEFAULT mode.
{"@timestamp":"2026-01-24T20:55:25.387679-05:00","@version":"1","message":"Bootstrapping Spring Data JPA repositories in DEFAULT mode.","logger_name":"org.springframework.data.repository.config.RepositoryConfigurationDelegate","thread_name":"Test worker","level":"INFO","level_value":20000,"app":"activity-service"}
2026-01-24T20:55:25.391-05:00  INFO 74088 --- [activity-service] [    Test worker] .s.d.r.c.RepositoryConfigurationDelegate : Finished Spring Data repository scanning in 2 ms. Found 2 JPA repository interfaces.
2026-01-24 20:55:25.391 [Test worker] INFO  [traceId=,spanId=,correlationId=] - Finished Spring Data repository scanning in 2 ms. Found 2 JPA repository interfaces.
{"@timestamp":"2026-01-24T20:55:25.391316-05:00","@version":"1","message":"Finished Spring Data repository scanning in 2 ms. Found 2 JPA repository interfaces.","logger_name":"org.springframework.data.repository.config.RepositoryConfigurationDelegate","thread_name":"Test worker","level":"INFO","level_value":20000,"app":"activity-service"}
2026-01-24T20:55:25.414-05:00  INFO 74088 --- [activity-service] [    Test worker] o.s.cloud.context.scope.GenericScope     : BeanFactory id=14656b6e-21dd-3c8d-be07-b0f8a5e43b60
2026-01-24 20:55:25.414 [Test worker] INFO  [traceId=,spanId=,correlationId=] - BeanFactory id=14656b6e-21dd-3c8d-be07-b0f8a5e43b60
{"@timestamp":"2026-01-24T20:55:25.414585-05:00","@version":"1","message":"BeanFactory id=14656b6e-21dd-3c8d-be07-b0f8a5e43b60","logger_name":"org.springframework.cloud.context.scope.GenericScope","thread_name":"Test worker","level":"INFO","level_value":20000,"app":"activity-service"}
2026-01-24T20:55:25.510-05:00  INFO 74088 --- [activity-service] [    Test worker] o.s.boot.tomcat.TomcatWebServer          : Tomcat initialized with port 0 (http)
2026-01-24 20:55:25.510 [Test worker] INFO  [traceId=,spanId=,correlationId=] - Tomcat initialized with port 0 (http)
{"@timestamp":"2026-01-24T20:55:25.510321-05:00","@version":"1","message":"Tomcat initialized with port 0 (http)","logger_name":"org.springframework.boot.tomcat.TomcatWebServer","thread_name":"Test worker","level":"INFO","level_value":20000,"app":"activity-service"}
2026-01-24T20:55:25.516-05:00  INFO 74088 --- [activity-service] [    Test worker] o.apache.catalina.core.StandardService   : Starting service [Tomcat]
2026-01-24 20:55:25.516 [Test worker] INFO  [traceId=,spanId=,correlationId=] - Starting service [Tomcat]
{"@timestamp":"2026-01-24T20:55:25.516041-05:00","@version":"1","message":"Starting service [Tomcat]","logger_name":"org.apache.catalina.core.StandardService","thread_name":"Test worker","level":"INFO","level_value":20000,"app":"activity-service"}
2026-01-24T20:55:25.516-05:00  INFO 74088 --- [activity-service] [    Test worker] o.apache.catalina.core.StandardEngine    : Starting Servlet engine: [Apache Tomcat/11.0.15]
2026-01-24 20:55:25.516 [Test worker] INFO  [traceId=,spanId=,correlationId=] - Starting Servlet engine: [Apache Tomcat/11.0.15]
{"@timestamp":"2026-01-24T20:55:25.516316-05:00","@version":"1","message":"Starting Servlet engine: [Apache Tomcat/11.0.15]","logger_name":"org.apache.catalina.core.StandardEngine","thread_name":"Test worker","level":"INFO","level_value":20000,"app":"activity-service"}
2026-01-24T20:55:25.545-05:00  INFO 74088 --- [activity-service] [    Test worker] b.w.c.s.WebApplicationContextInitializer : Root WebApplicationContext: initialization completed in 247 ms
2026-01-24 20:55:25.545 [Test worker] INFO  [traceId=,spanId=,correlationId=] - Root WebApplicationContext: initialization completed in 247 ms
{"@timestamp":"2026-01-24T20:55:25.545971-05:00","@version":"1","message":"Root WebApplicationContext: initialization completed in 247 ms","logger_name":"org.springframework.boot.web.context.servlet.WebApplicationContextInitializer","thread_name":"Test worker","level":"INFO","level_value":20000,"app":"activity-service"}
2026-01-24T20:55:25.614-05:00  INFO 74088 --- [activity-service] [    Test worker] com.zaxxer.hikari.HikariDataSource       : HikariPool-2 - Starting...
2026-01-24 20:55:25.614 [Test worker] INFO  [traceId=,spanId=,correlationId=] - HikariPool-2 - Starting...
{"@timestamp":"2026-01-24T20:55:25.614275-05:00","@version":"1","message":"HikariPool-2 - Starting...","logger_name":"com.zaxxer.hikari.HikariDataSource","thread_name":"Test worker","level":"INFO","level_value":20000,"app":"activity-service"}
2026-01-24T20:55:25.615-05:00  INFO 74088 --- [activity-service] [    Test worker] com.zaxxer.hikari.pool.HikariPool        : HikariPool-2 - Added connection conn10: url=jdbc:h2:mem:a28faf37-1d9f-48d2-a1bc-b6a4cc429830 user=SA
2026-01-24 20:55:25.615 [Test worker] INFO  [traceId=,spanId=,correlationId=] - HikariPool-2 - Added connection conn10: url=jdbc:h2:mem:a28faf37-1d9f-48d2-a1bc-b6a4cc429830 user=SA
{"@timestamp":"2026-01-24T20:55:25.615532-05:00","@version":"1","message":"HikariPool-2 - Added connection conn10: url=jdbc:h2:mem:a28faf37-1d9f-48d2-a1bc-b6a4cc429830 user=SA","logger_name":"com.zaxxer.hikari.pool.HikariPool","thread_name":"Test worker","level":"INFO","level_value":20000,"app":"activity-service"}
2026-01-24T20:55:25.615-05:00  INFO 74088 --- [activity-service] [    Test worker] com.zaxxer.hikari.HikariDataSource       : HikariPool-2 - Start completed.
2026-01-24 20:55:25.615 [Test worker] INFO  [traceId=,spanId=,correlationId=] - HikariPool-2 - Start completed.
{"@timestamp":"2026-01-24T20:55:25.615751-05:00","@version":"1","message":"HikariPool-2 - Start completed.","logger_name":"com.zaxxer.hikari.HikariDataSource","thread_name":"Test worker","level":"INFO","level_value":20000,"app":"activity-service"}
2026-01-24T20:55:25.625-05:00  INFO 74088 --- [activity-service] [    Test worker] org.hibernate.orm.jpa                    : HHH008540: Processing PersistenceUnitInfo [name: default]
2026-01-24 20:55:25.625 [Test worker] INFO  [traceId=,spanId=,correlationId=] - HHH008540: Processing PersistenceUnitInfo [name: default]
{"@timestamp":"2026-01-24T20:55:25.625565-05:00","@version":"1","message":"HHH008540: Processing PersistenceUnitInfo [name: default]","logger_name":"org.hibernate.orm.jpa","thread_name":"Test worker","level":"INFO","level_value":20000,"app":"activity-service"}
2026-01-24T20:55:25.633-05:00  INFO 74088 --- [activity-service] [    Test worker] o.s.o.j.p.SpringPersistenceUnitInfo      : No LoadTimeWeaver setup: ignoring JPA class transformer
2026-01-24 20:55:25.633 [Test worker] INFO  [traceId=,spanId=,correlationId=] - No LoadTimeWeaver setup: ignoring JPA class transformer
{"@timestamp":"2026-01-24T20:55:25.633528-05:00","@version":"1","message":"No LoadTimeWeaver setup: ignoring JPA class transformer","logger_name":"org.springframework.orm.jpa.persistenceunit.SpringPersistenceUnitInfo","thread_name":"Test worker","level":"INFO","level_value":20000,"app":"activity-service"}
2026-01-24T20:55:25.634-05:00  INFO 74088 --- [activity-service] [    Test worker] org.hibernate.orm.connections.pooling    : HHH10001005: Database info:
	Database JDBC URL [jdbc:h2:mem:a28faf37-1d9f-48d2-a1bc-b6a4cc429830]
	Database driver: H2 JDBC Driver
	Database dialect: H2Dialect
	Database version: 2.4.240
	Default catalog/schema: A28FAF37-1D9F-48D2-A1BC-B6A4CC429830/PUBLIC
	Autocommit mode: undefined/unknown
	Isolation level: READ_COMMITTED [default READ_COMMITTED]
	JDBC fetch size: 100
	Pool: DataSourceConnectionProvider
	Minimum pool size: undefined/unknown
	Maximum pool size: undefined/unknown
2026-01-24 20:55:25.634 [Test worker] INFO  [traceId=,spanId=,correlationId=] - HHH10001005: Database info:
	Database JDBC URL [jdbc:h2:mem:a28faf37-1d9f-48d2-a1bc-b6a4cc429830]
	Database driver: H2 JDBC Driver
	Database dialect: H2Dialect
	Database version: 2.4.240
	Default catalog/schema: A28FAF37-1D9F-48D2-A1BC-B6A4CC429830/PUBLIC
	Autocommit mode: undefined/unknown
	Isolation level: READ_COMMITTED [default READ_COMMITTED]
	JDBC fetch size: 100
	Pool: DataSourceConnectionProvider
	Minimum pool size: undefined/unknown
	Maximum pool size: undefined/unknown
{"@timestamp":"2026-01-24T20:55:25.634238-05:00","@version":"1","message":"HHH10001005: Database info:\n\tDatabase JDBC URL [jdbc:h2:mem:a28faf37-1d9f-48d2-a1bc-b6a4cc429830]\n\tDatabase driver: H2 JDBC Driver\n\tDatabase dialect: H2Dialect\n\tDatabase version: 2.4.240\n\tDefault catalog/schema: A28FAF37-1D9F-48D2-A1BC-B6A4CC429830/PUBLIC\n\tAutocommit mode: undefined/unknown\n\tIsolation level: READ_COMMITTED [default READ_COMMITTED]\n\tJDBC fetch size: 100\n\tPool: DataSourceConnectionProvider\n\tMinimum pool size: undefined/unknown\n\tMaximum pool size: undefined/unknown","logger_name":"org.hibernate.orm.connections.pooling","thread_name":"Test worker","level":"INFO","level_value":20000,"app":"activity-service"}
2026-01-24T20:55:25.642-05:00  INFO 74088 --- [activity-service] [    Test worker] org.hibernate.orm.core                   : HHH000489: No JTA platform available (set 'hibernate.transaction.jta.platform' to enable JTA platform integration)
2026-01-24 20:55:25.642 [Test worker] INFO  [traceId=,spanId=,correlationId=] - HHH000489: No JTA platform available (set 'hibernate.transaction.jta.platform' to enable JTA platform integration)
{"@timestamp":"2026-01-24T20:55:25.642577-05:00","@version":"1","message":"HHH000489: No JTA platform available (set 'hibernate.transaction.jta.platform' to enable JTA platform integration)","logger_name":"org.hibernate.orm.core","thread_name":"Test worker","level":"INFO","level_value":20000,"app":"activity-service"}
2026-01-24T20:55:25.644-05:00  INFO 74088 --- [activity-service] [    Test worker] j.LocalContainerEntityManagerFactoryBean : Initialized JPA EntityManagerFactory for persistence unit 'default'
2026-01-24 20:55:25.644 [Test worker] INFO  [traceId=,spanId=,correlationId=] - Initialized JPA EntityManagerFactory for persistence unit 'default'
{"@timestamp":"2026-01-24T20:55:25.64405-05:00","@version":"1","message":"Initialized JPA EntityManagerFactory for persistence unit 'default'","logger_name":"org.springframework.orm.jpa.LocalContainerEntityManagerFactoryBean","thread_name":"Test worker","level":"INFO","level_value":20000,"app":"activity-service"}
2026-01-24T20:55:25.741-05:00  WARN 74088 --- [activity-service] [    Test worker] JpaBaseConfiguration$JpaWebConfiguration : spring.jpa.open-in-view is enabled by default. Therefore, database queries may be performed during view rendering. Explicitly configure spring.jpa.open-in-view to disable this warning
2026-01-24 20:55:25.741 [Test worker] WARN  [traceId=,spanId=,correlationId=] - spring.jpa.open-in-view is enabled by default. Therefore, database queries may be performed during view rendering. Explicitly configure spring.jpa.open-in-view to disable this warning
{"@timestamp":"2026-01-24T20:55:25.741494-05:00","@version":"1","message":"spring.jpa.open-in-view is enabled by default. Therefore, database queries may be performed during view rendering. Explicitly configure spring.jpa.open-in-view to disable this warning","logger_name":"org.springframework.boot.jpa.autoconfigure.JpaBaseConfiguration$JpaWebConfiguration","thread_name":"Test worker","level":"WARN","level_value":30000,"app":"activity-service"}
2026-01-24T20:55:26.040-05:00  INFO 74088 --- [activity-service] [    Test worker] o.s.b.a.e.web.EndpointLinksResolver      : Exposing 3 endpoints beneath base path '/actuator'
2026-01-24 20:55:26.040 [Test worker] INFO  [traceId=,spanId=,correlationId=] - Exposing 3 endpoints beneath base path '/actuator'
{"@timestamp":"2026-01-24T20:55:26.040962-05:00","@version":"1","message":"Exposing 3 endpoints beneath base path '/actuator'","logger_name":"org.springframework.boot.actuate.endpoint.web.EndpointLinksResolver","thread_name":"Test worker","level":"INFO","level_value":20000,"app":"activity-service"}
2026-01-24T20:55:26.053-05:00  INFO 74088 --- [activity-service] [    Test worker] o.s.boot.tomcat.TomcatWebServer          : Tomcat started on port 49766 (http) with context path '/'
2026-01-24 20:55:26.053 [Test worker] INFO  [traceId=,spanId=,correlationId=] - Tomcat started on port 49766 (http) with context path '/'
{"@timestamp":"2026-01-24T20:55:26.053859-05:00","@version":"1","message":"Tomcat started on port 49766 (http) with context path '/'","logger_name":"org.springframework.boot.tomcat.TomcatWebServer","thread_name":"Test worker","level":"INFO","level_value":20000,"app":"activity-service"}
2026-01-24T20:55:26.058-05:00  INFO 74088 --- [activity-service] [    Test worker] i.c.s.a.c.HelloWorldControllerBDDTest    : Started HelloWorldControllerBDDTest in 0.783 seconds (process running for 4.851)
2026-01-24 20:55:26.058 [Test worker] INFO  [traceId=,spanId=,correlationId=] - Started HelloWorldControllerBDDTest in 0.783 seconds (process running for 4.851)
{"@timestamp":"2026-01-24T20:55:26.058693-05:00","@version":"1","message":"Started HelloWorldControllerBDDTest in 0.783 seconds (process running for 4.851)","logger_name":"io.code.sutra.activity.controller.HelloWorldControllerBDDTest","thread_name":"Test worker","level":"INFO","level_value":20000,"app":"activity-service"}
2026-01-24T20:55:26.075-05:00  INFO 74088 --- [activity-service] [    Test worker] i.c.s.activity.controller.HelloWorld     : Hello World endpoint invoked
2026-01-24 20:55:26.075 [Test worker] INFO  [traceId=,spanId=,correlationId=] - Hello World endpoint invoked
{"@timestamp":"2026-01-24T20:55:26.075616-05:00","@version":"1","message":"Hello World endpoint invoked","logger_name":"io.code.sutra.activity.controller.HelloWorld","thread_name":"Test worker","level":"INFO","level_value":20000,"app":"activity-service"}
]]></system-out>
  <system-err><![CDATA[20:55:25,287 |-WARN in ch.qos.logback.core.joran.action.ConversionRuleAction - [converterClass] attribute is deprecated and replaced by [class]. See element [conversionRule] near line 4
20:55:25,287 |-WARN in ch.qos.logback.core.joran.action.ConversionRuleAction - [converterClass] attribute is deprecated and replaced by [class]. See element [conversionRule] near line 5
20:55:25,293 |-WARN in ch.qos.logback.core.model.processor.ImplicitModelHandler - Ignoring unknown property [loggerName] in [net.logstash.logback.fieldnames.LogstashFieldNames]
]]></system-err>
</testsuite>
