<?xml version="1.0" encoding="UTF-8"?>
<testsuite name="io.code.sutra.activity.service.TaskServiceBDDTest" tests="4" skipped="0" failures="0" errors="0" timestamp="2026-01-30T21:37:35.299Z" hostname="Saurabhs-MacBook-Pro-3.local" time="0.162">
  <properties/>
  <testcase name="When creating a task, saved task is returned" classname="io.code.sutra.activity.service.TaskServiceBDDTest" time="0.139"/>
  <testcase name="Assigning a task updates assignee" classname="io.code.sutra.activity.service.TaskServiceBDDTest" time="0.004"/>
  <testcase name="Deleting existing task returns true" classname="io.code.sutra.activity.service.TaskServiceBDDTest" time="0.003"/>
  <testcase name="Given no tasks, when getAllTasks is called, then return empty list" classname="io.code.sutra.activity.service.TaskServiceBDDTest" time="0.005"/>
  <system-out><![CDATA[16:37:35.429 [Test worker] INFO io.code.sutra.activity.service.TaskService -- createTask called with input -> id: null, title: T1, status: pending, assignee: null, service: svc
16:37:35.430 [Test worker] INFO io.code.sutra.activity.service.TaskService -- Assigned generated id 1 to task before persist
16:37:35.435 [Test worker] INFO io.code.sutra.activity.service.TaskService -- Task persisted with id 1
]]></system-out>
  <system-err><![CDATA[]]></system-err>
</testsuite>
