<?xml version="1.0" encoding="UTF-8"?>
<testsuite name="io.code.sutra.activity.controller.HelloWorldControllerBDDTest" tests="1" skipped="0" failures="0" errors="0" timestamp="2026-01-30T21:37:35.217Z" hostname="Saurabhs-MacBook-Pro-3.local" time="0.073">
  <properties/>
  <testcase name="Given direct call to hello(), then return 200 OK" classname="io.code.sutra.activity.controller.HelloWorldControllerBDDTest" time="0.073"/>
  <system-out><![CDATA[16:37:35.221 [Test worker] INFO io.code.sutra.activity.controller.HelloWorld -- Hello World endpoint invoked
]]></system-out>
  <system-err><![CDATA[]]></system-err>
</testsuite>
